<?xml version="1.0" encoding="UTF-8"?>
<!-- Generated by org.testng.reporters.JUnitXMLReporter -->
<testsuite hostname="Ritu-Laptop" ignored="0" name="Test" tests="1" failures="1" timestamp="2021-07-14T18:07:40 CDT" time="7.856" errors="0">
  <testcase name="loginTest" time="1.679" classname="com.bankingProject.testCases.TC_LoginTest_001">
    <failure type="java.lang.AssertionError" message="expected [true] but found [false]">
      <![CDATA[java.lang.AssertionError: expected [true] but found [false]
at com.bankingProject.testCases.TC_LoginTest_001.loginTest(TC_LoginTest_001.java:42)
at java.util.ArrayList.forEach(ArrayList.java:1259)
... Removed 31 stack frames]]>
    </failure>
  </testcase> <!-- loginTest -->
</testsuite> <!-- Test -->
